<?xml version="1.0" encoding="utf-8"?><testsuites><testsuite name="pytest" errors="0" failures="0" skipped="0" tests="3" time="58.094" timestamp="2022-11-12T14:30:14.252761" hostname="DESKTOP-8TR65OV"><testcase classname="test_e2e.TestOne" name="test1_e2e" time="33.739" /><testcase classname="test_homePage.TestHomePage" name="test_formSubmission[getData0]" time="19.633" /><testcase classname="test_homePage.TestHomePage" name="test_formSubmission[getData1]" time="4.628" /></testsuite></testsuites>